Compiling the C compiler identification source file "CMakeCCompilerId.c" failed.
Compiler: arm-none-eabi-gcc 
Build flags: ;-mcpu=cortex-m4;-mfpu=fpv4-sp-d16;-mfloat-abi=hard;;-Wall;-fdata-sections;-ffunction-sections;-fstack-usage;-mcpu=cortex-m4;-mfpu=fpv4-sp-d16;-mfloat-abi=hard;;-Wall;-fdata-sections;-ffunction-sections;-fstack-usage
Id flags:  

The output was:
No such file or directory


Compiling the C compiler identification source file "CMakeCCompilerId.c" failed.
Compiler: arm-none-eabi-gcc 
Build flags: ;-mcpu=cortex-m4;-mfpu=fpv4-sp-d16;-mfloat-abi=hard;;-Wall;-fdata-sections;-ffunction-sections;-fstack-usage;-mcpu=cortex-m4;-mfpu=fpv4-sp-d16;-mfloat-abi=hard;;-Wall;-fdata-sections;-ffunction-sections;-fstack-usage
Id flags: -c 

The output was:
No such file or directory


Compiling the C compiler identification source file "CMakeCCompilerId.c" failed.
Compiler: arm-none-eabi-gcc 
Build flags: ;-mcpu=cortex-m4;-mfpu=fpv4-sp-d16;-mfloat-abi=hard;;-Wall;-fdata-sections;-ffunction-sections;-fstack-usage;-mcpu=cortex-m4;-mfpu=fpv4-sp-d16;-mfloat-abi=hard;;-Wall;-fdata-sections;-ffunction-sections;-fstack-usage
Id flags: -Aa 

The output was:
No such file or directory


Compiling the C compiler identification source file "CMakeCCompilerId.c" failed.
Compiler: arm-none-eabi-gcc 
Build flags: ;-mcpu=cortex-m4;-mfpu=fpv4-sp-d16;-mfloat-abi=hard;;-Wall;-fdata-sections;-ffunction-sections;-fstack-usage;-mcpu=cortex-m4;-mfpu=fpv4-sp-d16;-mfloat-abi=hard;;-Wall;-fdata-sections;-ffunction-sections;-fstack-usage
Id flags: -D__CLASSIC_C__ 

The output was:
No such file or directory


Compiling the C compiler identification source file "CMakeCCompilerId.c" failed.
Compiler: arm-none-eabi-gcc 
Build flags: ;-mcpu=cortex-m4;-mfpu=fpv4-sp-d16;-mfloat-abi=hard;;-Wall;-fdata-sections;-ffunction-sections;-fstack-usage;-mcpu=cortex-m4;-mfpu=fpv4-sp-d16;-mfloat-abi=hard;;-Wall;-fdata-sections;-ffunction-sections;-fstack-usage
Id flags: --target=arm-arm-none-eabi;-mcpu=cortex-m3 

The output was:
No such file or directory


Compiling the C compiler identification source file "CMakeCCompilerId.c" failed.
Compiler: arm-none-eabi-gcc 
Build flags: ;-mcpu=cortex-m4;-mfpu=fpv4-sp-d16;-mfloat-abi=hard;;-Wall;-fdata-sections;-ffunction-sections;-fstack-usage;-mcpu=cortex-m4;-mfpu=fpv4-sp-d16;-mfloat-abi=hard;;-Wall;-fdata-sections;-ffunction-sections;-fstack-usage
Id flags: -c;-I__does_not_exist__ 

The output was:
No such file or directory


Compiling the C compiler identification source file "CMakeCCompilerId.c" failed.
Compiler: arm-none-eabi-gcc 
Build flags: 
Id flags:  

The output was:
No such file or directory


Compiling the C compiler identification source file "CMakeCCompilerId.c" failed.
Compiler: arm-none-eabi-gcc 
Build flags: 
Id flags: -c 

The output was:
No such file or directory


Compiling the C compiler identification source file "CMakeCCompilerId.c" failed.
Compiler: arm-none-eabi-gcc 
Build flags: 
Id flags: -Aa 

The output was:
No such file or directory


Compiling the C compiler identification source file "CMakeCCompilerId.c" failed.
Compiler: arm-none-eabi-gcc 
Build flags: 
Id flags: -D__CLASSIC_C__ 

The output was:
No such file or directory


Compiling the C compiler identification source file "CMakeCCompilerId.c" failed.
Compiler: arm-none-eabi-gcc 
Build flags: 
Id flags: --target=arm-arm-none-eabi;-mcpu=cortex-m3 

The output was:
No such file or directory


Compiling the C compiler identification source file "CMakeCCompilerId.c" failed.
Compiler: arm-none-eabi-gcc 
Build flags: 
Id flags: -c;-I__does_not_exist__ 

The output was:
No such file or directory


Checking whether the C compiler is IAR using "" did not match "IAR .+ Compiler":
Checking whether the C compiler is IAR using "" did not match "IAR .+ Compiler":
Compiling the CXX compiler identification source file "CMakeCXXCompilerId.cpp" failed.
Compiler: arm-none-eabi-g++ 
Build flags: ;-mcpu=cortex-m4;-mfpu=fpv4-sp-d16;-mfloat-abi=hard;;-Wall;-fdata-sections;-ffunction-sections;-fstack-usage;-mcpu=cortex-m4;-mfpu=fpv4-sp-d16;-mfloat-abi=hard;;-Wall;-fdata-sections;-ffunction-sections;-fstack-usage;-fno-rtti;-fno-exceptions;-fno-threadsafe-statics
Id flags:  

The output was:
No such file or directory


Compiling the CXX compiler identification source file "CMakeCXXCompilerId.cpp" failed.
Compiler: arm-none-eabi-g++ 
Build flags: ;-mcpu=cortex-m4;-mfpu=fpv4-sp-d16;-mfloat-abi=hard;;-Wall;-fdata-sections;-ffunction-sections;-fstack-usage;-mcpu=cortex-m4;-mfpu=fpv4-sp-d16;-mfloat-abi=hard;;-Wall;-fdata-sections;-ffunction-sections;-fstack-usage;-fno-rtti;-fno-exceptions;-fno-threadsafe-statics
Id flags: -c 

The output was:
No such file or directory


Compiling the CXX compiler identification source file "CMakeCXXCompilerId.cpp" failed.
Compiler: arm-none-eabi-g++ 
Build flags: ;-mcpu=cortex-m4;-mfpu=fpv4-sp-d16;-mfloat-abi=hard;;-Wall;-fdata-sections;-ffunction-sections;-fstack-usage;-mcpu=cortex-m4;-mfpu=fpv4-sp-d16;-mfloat-abi=hard;;-Wall;-fdata-sections;-ffunction-sections;-fstack-usage;-fno-rtti;-fno-exceptions;-fno-threadsafe-statics
Id flags: --c++ 

The output was:
No such file or directory


Compiling the CXX compiler identification source file "CMakeCXXCompilerId.cpp" failed.
Compiler: arm-none-eabi-g++ 
Build flags: ;-mcpu=cortex-m4;-mfpu=fpv4-sp-d16;-mfloat-abi=hard;;-Wall;-fdata-sections;-ffunction-sections;-fstack-usage;-mcpu=cortex-m4;-mfpu=fpv4-sp-d16;-mfloat-abi=hard;;-Wall;-fdata-sections;-ffunction-sections;-fstack-usage;-fno-rtti;-fno-exceptions;-fno-threadsafe-statics
Id flags: --ec++ 

The output was:
No such file or directory


Compiling the CXX compiler identification source file "CMakeCXXCompilerId.cpp" failed.
Compiler: arm-none-eabi-g++ 
Build flags: ;-mcpu=cortex-m4;-mfpu=fpv4-sp-d16;-mfloat-abi=hard;;-Wall;-fdata-sections;-ffunction-sections;-fstack-usage;-mcpu=cortex-m4;-mfpu=fpv4-sp-d16;-mfloat-abi=hard;;-Wall;-fdata-sections;-ffunction-sections;-fstack-usage;-fno-rtti;-fno-exceptions;-fno-threadsafe-statics
Id flags: --target=arm-arm-none-eabi;-mcpu=cortex-m3 

The output was:
No such file or directory


Compiling the CXX compiler identification source file "CMakeCXXCompilerId.cpp" failed.
Compiler: arm-none-eabi-g++ 
Build flags: ;-mcpu=cortex-m4;-mfpu=fpv4-sp-d16;-mfloat-abi=hard;;-Wall;-fdata-sections;-ffunction-sections;-fstack-usage;-mcpu=cortex-m4;-mfpu=fpv4-sp-d16;-mfloat-abi=hard;;-Wall;-fdata-sections;-ffunction-sections;-fstack-usage;-fno-rtti;-fno-exceptions;-fno-threadsafe-statics
Id flags: -c;-I__does_not_exist__ 

The output was:
No such file or directory


Compiling the CXX compiler identification source file "CMakeCXXCompilerId.cpp" failed.
Compiler: arm-none-eabi-g++ 
Build flags: 
Id flags:  

The output was:
No such file or directory


Compiling the CXX compiler identification source file "CMakeCXXCompilerId.cpp" failed.
Compiler: arm-none-eabi-g++ 
Build flags: 
Id flags: -c 

The output was:
No such file or directory


Compiling the CXX compiler identification source file "CMakeCXXCompilerId.cpp" failed.
Compiler: arm-none-eabi-g++ 
Build flags: 
Id flags: --c++ 

The output was:
No such file or directory


Compiling the CXX compiler identification source file "CMakeCXXCompilerId.cpp" failed.
Compiler: arm-none-eabi-g++ 
Build flags: 
Id flags: --ec++ 

The output was:
No such file or directory


Compiling the CXX compiler identification source file "CMakeCXXCompilerId.cpp" failed.
Compiler: arm-none-eabi-g++ 
Build flags: 
Id flags: --target=arm-arm-none-eabi;-mcpu=cortex-m3 

The output was:
No such file or directory


Compiling the CXX compiler identification source file "CMakeCXXCompilerId.cpp" failed.
Compiler: arm-none-eabi-g++ 
Build flags: 
Id flags: -c;-I__does_not_exist__ 

The output was:
No such file or directory


Checking whether the CXX compiler is IAR using "" did not match "IAR .+ Compiler":
Checking whether the CXX compiler is IAR using "" did not match "IAR .+ Compiler":
Compiling the C compiler identification source file "CMakeCCompilerId.c" failed.
Compiler: arm-none-eabi-gcc 
Build flags: ;-mcpu=cortex-m4;-mfpu=fpv4-sp-d16;-mfloat-abi=hard;;-Wall;-fdata-sections;-ffunction-sections;-fstack-usage
Id flags:  

The output was:
No such file or directory


Compiling the C compiler identification source file "CMakeCCompilerId.c" failed.
Compiler: arm-none-eabi-gcc 
Build flags: ;-mcpu=cortex-m4;-mfpu=fpv4-sp-d16;-mfloat-abi=hard;;-Wall;-fdata-sections;-ffunction-sections;-fstack-usage
Id flags: -c 

The output was:
No such file or directory


Compiling the C compiler identification source file "CMakeCCompilerId.c" failed.
Compiler: arm-none-eabi-gcc 
Build flags: ;-mcpu=cortex-m4;-mfpu=fpv4-sp-d16;-mfloat-abi=hard;;-Wall;-fdata-sections;-ffunction-sections;-fstack-usage
Id flags: -Aa 

The output was:
No such file or directory


Compiling the C compiler identification source file "CMakeCCompilerId.c" failed.
Compiler: arm-none-eabi-gcc 
Build flags: ;-mcpu=cortex-m4;-mfpu=fpv4-sp-d16;-mfloat-abi=hard;;-Wall;-fdata-sections;-ffunction-sections;-fstack-usage
Id flags: -D__CLASSIC_C__ 

The output was:
No such file or directory


Compiling the C compiler identification source file "CMakeCCompilerId.c" failed.
Compiler: arm-none-eabi-gcc 
Build flags: ;-mcpu=cortex-m4;-mfpu=fpv4-sp-d16;-mfloat-abi=hard;;-Wall;-fdata-sections;-ffunction-sections;-fstack-usage
Id flags: --target=arm-arm-none-eabi;-mcpu=cortex-m3 

The output was:
No such file or directory


Compiling the C compiler identification source file "CMakeCCompilerId.c" failed.
Compiler: arm-none-eabi-gcc 
Build flags: ;-mcpu=cortex-m4;-mfpu=fpv4-sp-d16;-mfloat-abi=hard;;-Wall;-fdata-sections;-ffunction-sections;-fstack-usage
Id flags: -c;-I__does_not_exist__ 

The output was:
No such file or directory


Compiling the C compiler identification source file "CMakeCCompilerId.c" failed.
Compiler: arm-none-eabi-gcc 
Build flags: 
Id flags:  

The output was:
No such file or directory


Compiling the C compiler identification source file "CMakeCCompilerId.c" failed.
Compiler: arm-none-eabi-gcc 
Build flags: 
Id flags: -c 

The output was:
No such file or directory


Compiling the C compiler identification source file "CMakeCCompilerId.c" failed.
Compiler: arm-none-eabi-gcc 
Build flags: 
Id flags: -Aa 

The output was:
No such file or directory


Compiling the C compiler identification source file "CMakeCCompilerId.c" failed.
Compiler: arm-none-eabi-gcc 
Build flags: 
Id flags: -D__CLASSIC_C__ 

The output was:
No such file or directory


Compiling the C compiler identification source file "CMakeCCompilerId.c" failed.
Compiler: arm-none-eabi-gcc 
Build flags: 
Id flags: --target=arm-arm-none-eabi;-mcpu=cortex-m3 

The output was:
No such file or directory


Compiling the C compiler identification source file "CMakeCCompilerId.c" failed.
Compiler: arm-none-eabi-gcc 
Build flags: 
Id flags: -c;-I__does_not_exist__ 

The output was:
No such file or directory


Checking whether the C compiler is IAR using "" did not match "IAR .+ Compiler":
Checking whether the C compiler is IAR using "" did not match "IAR .+ Compiler":
Compiling the CXX compiler identification source file "CMakeCXXCompilerId.cpp" failed.
Compiler: arm-none-eabi-g++ 
Build flags: ;-mcpu=cortex-m4;-mfpu=fpv4-sp-d16;-mfloat-abi=hard;;-Wall;-fdata-sections;-ffunction-sections;-fstack-usage;-fno-rtti;-fno-exceptions;-fno-threadsafe-statics
Id flags:  

The output was:
No such file or directory


Compiling the CXX compiler identification source file "CMakeCXXCompilerId.cpp" failed.
Compiler: arm-none-eabi-g++ 
Build flags: ;-mcpu=cortex-m4;-mfpu=fpv4-sp-d16;-mfloat-abi=hard;;-Wall;-fdata-sections;-ffunction-sections;-fstack-usage;-fno-rtti;-fno-exceptions;-fno-threadsafe-statics
Id flags: -c 

The output was:
No such file or directory


Compiling the CXX compiler identification source file "CMakeCXXCompilerId.cpp" failed.
Compiler: arm-none-eabi-g++ 
Build flags: ;-mcpu=cortex-m4;-mfpu=fpv4-sp-d16;-mfloat-abi=hard;;-Wall;-fdata-sections;-ffunction-sections;-fstack-usage;-fno-rtti;-fno-exceptions;-fno-threadsafe-statics
Id flags: --c++ 

The output was:
No such file or directory


Compiling the CXX compiler identification source file "CMakeCXXCompilerId.cpp" failed.
Compiler: arm-none-eabi-g++ 
Build flags: ;-mcpu=cortex-m4;-mfpu=fpv4-sp-d16;-mfloat-abi=hard;;-Wall;-fdata-sections;-ffunction-sections;-fstack-usage;-fno-rtti;-fno-exceptions;-fno-threadsafe-statics
Id flags: --ec++ 

The output was:
No such file or directory


Compiling the CXX compiler identification source file "CMakeCXXCompilerId.cpp" failed.
Compiler: arm-none-eabi-g++ 
Build flags: ;-mcpu=cortex-m4;-mfpu=fpv4-sp-d16;-mfloat-abi=hard;;-Wall;-fdata-sections;-ffunction-sections;-fstack-usage;-fno-rtti;-fno-exceptions;-fno-threadsafe-statics
Id flags: --target=arm-arm-none-eabi;-mcpu=cortex-m3 

The output was:
No such file or directory


Compiling the CXX compiler identification source file "CMakeCXXCompilerId.cpp" failed.
Compiler: arm-none-eabi-g++ 
Build flags: ;-mcpu=cortex-m4;-mfpu=fpv4-sp-d16;-mfloat-abi=hard;;-Wall;-fdata-sections;-ffunction-sections;-fstack-usage;-fno-rtti;-fno-exceptions;-fno-threadsafe-statics
Id flags: -c;-I__does_not_exist__ 

The output was:
No such file or directory


Compiling the CXX compiler identification source file "CMakeCXXCompilerId.cpp" failed.
Compiler: arm-none-eabi-g++ 
Build flags: 
Id flags:  

The output was:
No such file or directory


Compiling the CXX compiler identification source file "CMakeCXXCompilerId.cpp" failed.
Compiler: arm-none-eabi-g++ 
Build flags: 
Id flags: -c 

The output was:
No such file or directory


Compiling the CXX compiler identification source file "CMakeCXXCompilerId.cpp" failed.
Compiler: arm-none-eabi-g++ 
Build flags: 
Id flags: --c++ 

The output was:
No such file or directory


Compiling the CXX compiler identification source file "CMakeCXXCompilerId.cpp" failed.
Compiler: arm-none-eabi-g++ 
Build flags: 
Id flags: --ec++ 

The output was:
No such file or directory


Compiling the CXX compiler identification source file "CMakeCXXCompilerId.cpp" failed.
Compiler: arm-none-eabi-g++ 
Build flags: 
Id flags: --target=arm-arm-none-eabi;-mcpu=cortex-m3 

The output was:
No such file or directory


Compiling the CXX compiler identification source file "CMakeCXXCompilerId.cpp" failed.
Compiler: arm-none-eabi-g++ 
Build flags: 
Id flags: -c;-I__does_not_exist__ 

The output was:
No such file or directory


Checking whether the CXX compiler is IAR using "" did not match "IAR .+ Compiler":
Checking whether the CXX compiler is IAR using "" did not match "IAR .+ Compiler":
Compiling the C compiler identification source file "CMakeCCompilerId.c" failed.
Compiler: /usr/bin/arm-none-eabi-gcc 
Build flags: ;-mcpu=cortex-m4;-mfpu=fpv4-sp-d16;-mfloat-abi=hard;;-Wall;-fdata-sections;-ffunction-sections;-fstack-usage
Id flags:  

The output was:
1
/usr/lib/gcc/arm-none-eabi/10.3.1/../../../arm-none-eabi/bin/ld: /usr/lib/gcc/arm-none-eabi/10.3.1/../../../arm-none-eabi/lib/thumb/v7e-m+fp/hard/libc.a(lib_a-exit.o): in function `exit':
/build/newlib-pB30de/newlib-3.3.0/build/arm-none-eabi/thumb/v7e-m+fp/hard/newlib/libc/stdlib/../../../../../../../../newlib/libc/stdlib/exit.c:64: undefined reference to `_exit'
collect2: error: ld returned 1 exit status


Compiling the CXX compiler identification source file "CMakeCXXCompilerId.cpp" failed.
Compiler: /usr/bin/arm-none-eabi-g++ 
Build flags: ;-mcpu=cortex-m4;-mfpu=fpv4-sp-d16;-mfloat-abi=hard;;-Wall;-fdata-sections;-ffunction-sections;-fstack-usage;-fno-rtti;-fno-exceptions;-fno-threadsafe-statics
Id flags:  

The output was:
1
/usr/lib/gcc/arm-none-eabi/10.3.1/../../../arm-none-eabi/bin/ld: /usr/lib/gcc/arm-none-eabi/10.3.1/../../../arm-none-eabi/lib/thumb/v7e-m+fp/hard/libc.a(lib_a-exit.o): in function `exit':
/build/newlib-pB30de/newlib-3.3.0/build/arm-none-eabi/thumb/v7e-m+fp/hard/newlib/libc/stdlib/../../../../../../../../newlib/libc/stdlib/exit.c:64: undefined reference to `_exit'
collect2: error: ld returned 1 exit status


